
ROM used:   253/1024 (25%)
            253/1024 (25%) including unused fragments

            0.4 Average locations per line
            5.2 Average locations per statement

RAM used:   9/64 (14%) at main() level
            13/64 (20%) worst case

Stack used: 2 worst case (2 in main + 0 for interrupts)
Stack size: 8

Lines Stmts  %   Files
----- ----- ---  -----
  104    49 100  acionadoparafront.c
  497     0   0  ..\..\..\..\..\Program Files (x86)\PICC\Devices\12F675.h
----- -----
  601    49 Total

Page ROM  %  RAM   Vol Diff  Functions:
---- --- --- ---   --- ----  ----------
0     20   8    1             @delay_ms1
0     22   9    1   156  3.3  blink_output
0     19   8    0   100  2.4  read_button_stable
0    145  57    5   961  6.9  MAIN
0     37  15    2             @MUL88
 Inline         0             @cinit1

Program metrics:
    Functions               3
    Statements              49
    Comments                124
    Volume (V)              1465
    Difficulty (D)          12.5
    Effort to implement (E) 18334
    Time to implement (T)   17 minutes
    Est Delivered Bugs (B)  0
    Cyclomatic Complexity   8
    Maintainability (MI)    67

 Segment     Used  Free
-----------  ----  ----
00000-00003     4  0  
00004-003FF   249  771  



