CCS PCM C Compiler, Version 5.015, 5967               24-nov-25 16:41

               Filename:   C:\Users\Rodrigo\Documents\treino-seco\circuitoacionador\acionador.lst

               ROM used:   73 words (7%)
                           Largest free fragment is 951
               RAM used:   5 (8%) at main() level
                           6 (9%) worst case
               Stack used: 1 locations
               Stack size: 8

*
0000:  MOVLW  00
0001:  MOVWF  0A
0002:  GOTO   004
0003:  NOP
0004:  CALL   3FF
0005:  BSF    03.5
0006:  MOVWF  10
0007:  MOVLW  00
0008:  MOVWF  0A
0009:  GOTO   01E
.................... #include <12F675.h> 
.................... //////////// Standard Header file for the PIC12F675 device //////////////// 
.................... /////////////////////////////////////////////////////////////////////////// 
.................... ////        (C) Copyright 1996, 2013 Custom Computer Services          //// 
.................... //// This source code may only be used by licensed users of the CCS C  //// 
.................... //// compiler.  This source code may only be distributed to other      //// 
.................... //// licensed users of the CCS C compiler.  No other use, reproduction //// 
.................... //// or distribution is permitted without written permission.          //// 
.................... //// Derivative programs created using this software in object code    //// 
.................... //// form are not restricted in any way.                               //// 
.................... /////////////////////////////////////////////////////////////////////////// 
.................... #device PIC12F675 
....................  
.................... #list 
....................  
.................... #fuses INTRC_IO, NOWDT, NOMCLR, NOPROTECT, NOCPD 
.................... #use delay(clock=4000000)   // Interno 4MHz 
000A:  MOVLW  26
000B:  MOVWF  04
000C:  MOVF   00,W
000D:  BTFSC  03.2
000E:  GOTO   01D
000F:  MOVLW  01
0010:  MOVWF  21
0011:  CLRF   20
0012:  DECFSZ 20,F
0013:  GOTO   012
0014:  DECFSZ 21,F
0015:  GOTO   011
0016:  MOVLW  4A
0017:  MOVWF  20
0018:  DECFSZ 20,F
0019:  GOTO   018
001A:  GOTO   01B
001B:  DECFSZ 00,F
001C:  GOTO   00F
001D:  RETURN
....................  
.................... void main() { 
001E:  MOVF   03,W
001F:  ANDLW  1F
0020:  MOVWF  03
0021:  BCF    1F.6
0022:  BSF    03.5
0023:  BCF    1F.0
0024:  BCF    1F.1
0025:  BCF    1F.2
0026:  BCF    1F.3
0027:  MOVLW  07
0028:  BCF    03.5
0029:  MOVWF  19
....................    set_tris_a(0b00000001);  // A0 = entrada, resto saída 
002A:  MOVLW  01
002B:  BSF    03.5
002C:  MOVWF  05
....................    output_low(PIN_A5);      // Garante A5 desligado 
002D:  BCF    05.5
002E:  BCF    03.5
002F:  BCF    05.5
....................  
....................    while(true) { 
....................  
....................       // Se entrada A0 está em nível alto 
....................       if (input(PIN_A0)) { 
0030:  BSF    03.5
0031:  BSF    05.0
0032:  BCF    03.5
0033:  BTFSS  05.0
0034:  GOTO   047
....................  
....................          // Pulso de 75ms em A5 
....................          output_high(PIN_A5); 
0035:  BSF    03.5
0036:  BCF    05.5
0037:  BCF    03.5
0038:  BSF    05.5
....................          delay_ms(75); 
0039:  MOVLW  4B
003A:  MOVWF  26
003B:  CALL   00A
....................          output_low(PIN_A5); 
003C:  BSF    03.5
003D:  BCF    05.5
003E:  BCF    03.5
003F:  BCF    05.5
....................  
....................          // Debounce de 500ms 
....................          delay_ms(500); 
0040:  MOVLW  02
0041:  MOVWF  25
0042:  MOVLW  FA
0043:  MOVWF  26
0044:  CALL   00A
0045:  DECFSZ 25,F
0046:  GOTO   042
....................       } 
0047:  GOTO   030
....................    } 
.................... } 
....................  
0048:  SLEEP

Configuration Fuses:
   Word  1: 3FC4   INTRC_IO NOWDT PUT NOMCLR BROWNOUT NOPROTECT NOCPD
